<?xml version="1.0" encoding="UTF-8"?>
<!-- Generated by org.testng.reporters.JUnitXMLReporter -->
<testsuite hostname="compaq-PC" ignored="4" name="DelandEditlead" tests="2" failures="1" timestamp="05 Dec 2017 04:37:15 GMT" time="80.133" errors="0">
  <testcase name="editlead" time="0.03" classname="dataprovider.EditLead">
    <failure type="org.testng.internal.reflect.MethodMatcherException" message="
Data provider mismatch
Method: editlead([Parameter{index=0, type=java.lang.String, declaredAnnotations=[]}])
Arguments: [(java.lang.String) Thinksoft,(java.lang.String) Verizon]">
      <![CDATA[org.testng.internal.reflect.MethodMatcherException: 
Data provider mismatch
Method: editlead([Parameter{index=0, type=java.lang.String, declaredAnnotations=[]}])
Arguments: [(java.lang.String) Thinksoft,(java.lang.String) Verizon]
	at org.testng.internal.reflect.DataProviderMethodMatcher.getConformingArguments(DataProviderMethodMatcher.java:45)
	at org.testng.internal.Invoker.injectParameters(Invoker.java:1301)
	at org.testng.internal.Invoker.invokeTestMethods(Invoker.java:1195)
	at org.testng.internal.TestMethodWorker.invokeTestMethods(TestMethodWorker.java:125)
	at org.testng.internal.TestMethodWorker.run(TestMethodWorker.java:109)
	at org.testng.TestRunner.privateRun(TestRunner.java:776)
	at org.testng.TestRunner.run(TestRunner.java:634)
	at org.testng.SuiteRunner.runTest(SuiteRunner.java:425)
	at org.testng.SuiteRunner.runSequentially(SuiteRunner.java:420)
	at org.testng.SuiteRunner.privateRun(SuiteRunner.java:385)
	at org.testng.SuiteRunner.run(SuiteRunner.java:334)
	at org.testng.SuiteRunnerWorker.runSuite(SuiteRunnerWorker.java:52)
	at org.testng.SuiteRunnerWorker.run(SuiteRunnerWorker.java:86)
	at org.testng.TestNG.runSuitesSequentially(TestNG.java:1318)
	at org.testng.TestNG.runSuitesLocally(TestNG.java:1243)
	at org.testng.TestNG.runSuites(TestNG.java:1161)
	at org.testng.TestNG.run(TestNG.java:1129)
	at org.testng.remote.AbstractRemoteTestNG.run(AbstractRemoteTestNG.java:114)
	at org.testng.remote.RemoteTestNG.initAndRun(RemoteTestNG.java:251)
	at org.testng.remote.RemoteTestNG.main(RemoteTestNG.java:77)
]]>
    </failure>
  </testcase> <!-- editlead -->
  <testcase name="deletelead" time="25.495" classname="dataprovider.DeleteRecord"/>
  <testcase name="@AfterSuite afterSuite" time="0.0" classname="framework.Annotations">
    <ignored/>
  </testcase> <!-- @AfterSuite afterSuite -->
  <testcase name="@BeforeTest beforeTest" time="0.0" classname="framework.Annotations">
    <ignored/>
  </testcase> <!-- @BeforeTest beforeTest -->
  <testcase name="@AfterTest afterTest" time="0.0" classname="framework.Annotations">
    <ignored/>
  </testcase> <!-- @AfterTest afterTest -->
  <testcase name="@BeforeSuite beforeSuite" time="0.0" classname="framework.Annotations">
    <ignored/>
  </testcase> <!-- @BeforeSuite beforeSuite -->
</testsuite> <!-- DelandEditlead -->
