<?xml version="1.0" encoding="UTF-8"?>
<!-- Generated by org.testng.reporters.JUnitXMLReporter -->
<testsuite hostname="compaq-PC" ignored="0" name="crm" tests="4" failures="3" timestamp="28 Nov 2017 06:54:18 GMT" time="232.555" errors="0">
  <testcase name="creatLead" time="94.447" classname="learntestng.CreateLead"/>
  <testcase name="mergelead" time="116.56" classname="learntestng.MergeLead">
    <failure type="java.lang.RuntimeException">
      <![CDATA[java.lang.RuntimeException
	at framework.SeMethods.locateElement(SeMethods.java:77)
	at learntestng.MergeLead.mergelead(MergeLead.java:66)
	at java.util.concurrent.ThreadPoolExecutor.runWorker(Unknown Source)
	at java.util.concurrent.ThreadPoolExecutor$Worker.run(Unknown Source)
	at java.lang.Thread.run(Unknown Source)
... Removed 10 stack frames]]>
    </failure>
  </testcase> <!-- mergelead -->
  <testcase name="editlead" time="121.45" classname="learntestng.EditLead">
    <failure type="java.lang.NullPointerException">
      <![CDATA[java.lang.NullPointerException
	at framework.SeMethods.click(SeMethods.java:106)
	at learntestng.EditLead.editlead(EditLead.java:62)
	at java.util.concurrent.ThreadPoolExecutor.runWorker(Unknown Source)
	at java.util.concurrent.ThreadPoolExecutor$Worker.run(Unknown Source)
	at java.lang.Thread.run(Unknown Source)
... Removed 10 stack frames]]>
    </failure>
  </testcase> <!-- editlead -->
  <testcase name="deletelead" time="115.855" classname="learntestng.DeleteRecord">
    <failure type="java.lang.NullPointerException">
      <![CDATA[java.lang.NullPointerException
	at framework.SeMethods.click(SeMethods.java:106)
	at learntestng.DeleteRecord.deletelead(DeleteRecord.java:45)
	at java.util.concurrent.ThreadPoolExecutor.runWorker(Unknown Source)
	at java.util.concurrent.ThreadPoolExecutor$Worker.run(Unknown Source)
	at java.lang.Thread.run(Unknown Source)
... Removed 10 stack frames]]>
    </failure>
  </testcase> <!-- deletelead -->
</testsuite> <!-- crm -->
