<?xml version="1.0" encoding="UTF-8"?>
<testng-results skipped="0" failed="0" ignored="0" total="1" passed="1">
  <reporter-output>
  </reporter-output>
  <suite name="Default suite" duration-ms="2724" started-at="2017-12-29T11:30:18Z" finished-at="2017-12-29T11:30:21Z">
    <groups>
    </groups>
    <test name="Default test" duration-ms="2724" started-at="2017-12-29T11:30:18Z" finished-at="2017-12-29T11:30:21Z">
      <class name="excel.ReadExcel">
        <test-method status="PASS" signature="readExcel()[pri:0, instance:excel.ReadExcel@4f30ec]" name="readExcel" duration-ms="2576" started-at="2017-12-29T17:00:18Z" finished-at="2017-12-29T17:00:21Z">
          <reporter-output>
          </reporter-output>
        </test-method> <!-- readExcel -->
      </class> <!-- excel.ReadExcel -->
    </test> <!-- Default test -->
  </suite> <!-- Default suite -->
</testng-results>
