<?xml version="1.0" encoding="UTF-8"?>
<!-- Generated by org.testng.reporters.JUnitXMLReporter -->
<testsuite hostname="compaq-PC" ignored="2" name="otherthan sanity" tests="2" failures="0" timestamp="29 Nov 2017 15:40:46 GMT" time="263.744" errors="0">
  <testcase name="mergelead" time="155.408" classname="testnggroups.MergeLead"/>
  <testcase name="creatLead" time="108.227" classname="testnggroups.CreateLead"/>
  <testcase name="editlead" time="0.0" classname="testnggroups.EditLead">
    <ignored/>
  </testcase> <!-- editlead -->
  <testcase name="deletelead" time="0.0" classname="testnggroups.DeleteRecord">
    <ignored/>
  </testcase> <!-- deletelead -->
</testsuite> <!-- otherthan sanity -->
