<?xml version="1.0" encoding="UTF-8"?>
<!-- Generated by org.testng.reporters.JUnitXMLReporter -->
<testsuite hostname="compaq-PC" ignored="0" name="ParallelGroups" tests="4" failures="0" timestamp="29 Nov 2017 16:15:54 GMT" time="211.816" errors="0">
  <testcase name="creatLead" time="66.153" classname="testnggroups.CreateLead"/>
  <testcase name="deletelead" time="68.786" classname="testnggroups.DeleteRecord"/>
  <testcase name="editlead" time="78.44" classname="testnggroups.EditLead"/>
  <testcase name="mergelead" time="67.058" classname="testnggroups.MergeLead"/>
</testsuite> <!-- ParallelGroups -->
