<?xml version="1.0" encoding="UTF-8"?>
<!-- Generated by org.testng.reporters.JUnitXMLReporter -->
<testsuite hostname="compaq-PC" ignored="12" name="Test" tests="4" failures="0" timestamp="30 Nov 2017 05:18:18 GMT" time="164.112" errors="0">
  <testcase name="deletelead" time="25.485" classname="dataprovider.DeleteRecord"/>
  <testcase name="creatLead" time="14.239" classname="dataprovider.CreateLead"/>
  <testcase name="mergelead" time="26.049" classname="dataprovider.MergeLead"/>
  <testcase name="editlead" time="25.186" classname="dataprovider.EditLead"/>
  <testcase name="@AfterSuite afterSuite" time="0.0" classname="framework.Annotations">
    <ignored/>
  </testcase> <!-- @AfterSuite afterSuite -->
  <testcase name="@AfterSuite afterSuite" time="0.0" classname="framework.Annotations">
    <ignored/>
  </testcase> <!-- @AfterSuite afterSuite -->
  <testcase name="@AfterSuite afterSuite" time="0.0" classname="framework.Annotations">
    <ignored/>
  </testcase> <!-- @AfterSuite afterSuite -->
  <testcase name="@BeforeTest beforeTest" time="0.0" classname="framework.Annotations">
    <ignored/>
  </testcase> <!-- @BeforeTest beforeTest -->
  <testcase name="@BeforeTest beforeTest" time="0.0" classname="framework.Annotations">
    <ignored/>
  </testcase> <!-- @BeforeTest beforeTest -->
  <testcase name="@BeforeTest beforeTest" time="0.0" classname="framework.Annotations">
    <ignored/>
  </testcase> <!-- @BeforeTest beforeTest -->
  <testcase name="@AfterTest afterTest" time="0.0" classname="framework.Annotations">
    <ignored/>
  </testcase> <!-- @AfterTest afterTest -->
  <testcase name="@AfterTest afterTest" time="0.0" classname="framework.Annotations">
    <ignored/>
  </testcase> <!-- @AfterTest afterTest -->
  <testcase name="@AfterTest afterTest" time="0.0" classname="framework.Annotations">
    <ignored/>
  </testcase> <!-- @AfterTest afterTest -->
  <testcase name="@BeforeSuite beforeSuite" time="0.0" classname="framework.Annotations">
    <ignored/>
  </testcase> <!-- @BeforeSuite beforeSuite -->
  <testcase name="@BeforeSuite beforeSuite" time="0.0" classname="framework.Annotations">
    <ignored/>
  </testcase> <!-- @BeforeSuite beforeSuite -->
  <testcase name="@BeforeSuite beforeSuite" time="0.0" classname="framework.Annotations">
    <ignored/>
  </testcase> <!-- @BeforeSuite beforeSuite -->
</testsuite> <!-- Test -->
